[debug] [2025-07-11T16:24:31.622Z] ----------------------------------------------------------------------
[debug] [2025-07-11T16:24:31.624Z] Command:       C:\Program Files\nodejs\node.exe C:\Users\Dell\AppData\Roaming\npm\node_modules\firebase-tools\lib\bin\firebase.js init
[debug] [2025-07-11T16:24:31.624Z] CLI Version:   14.10.1
[debug] [2025-07-11T16:24:31.624Z] Platform:      win32
[debug] [2025-07-11T16:24:31.625Z] Node Version:  v22.15.0
[debug] [2025-07-11T16:24:31.625Z] Time:          Fri Jul 11 2025 19:24:31 GMT+0300 (GMT+03:00)
[debug] [2025-07-11T16:24:31.625Z] ----------------------------------------------------------------------
[debug] 
[debug] [2025-07-11T16:24:31.629Z] > command requires scopes: ["email","openid","https://www.googleapis.com/auth/cloudplatformprojects.readonly","https://www.googleapis.com/auth/firebase","https://www.googleapis.com/auth/cloud-platform"]
[debug] [2025-07-11T16:24:31.629Z] > authorizing via signed-in user (atabekyigit430@gmail.com)
[info] 
     ######## #### ########  ######## ########     ###     ######  ########
     ##        ##  ##     ## ##       ##     ##  ##   ##  ##       ##
     ######    ##  ########  ######   ########  #########  ######  ######
     ##        ##  ##    ##  ##       ##     ## ##     ##       ## ##
     ##       #### ##     ## ######## ########  ##     ##  ######  ########

You're about to initialize a Firebase project in this directory:

  C:\Users\Dell\Desktop\web-proje-teslim\backend

[info] 
=== Project Setup
[info] 
[info] First, let's associate this project directory with a Firebase project.
[info] You can create multiple project aliases by running firebase use --add, 
[info] but for now we'll just set up a default project.
[info] 
[info] i  If you want to create a project in a Google Cloud organization or folder, please use "firebase projects:create" instead, and return to this command when you've created the project. 
[debug] [2025-07-11T16:26:15.941Z] Checked if tokens are valid: true, expires at: 1752253170931
[debug] [2025-07-11T16:26:15.941Z] Checked if tokens are valid: true, expires at: 1752253170931
[debug] [2025-07-11T16:26:15.943Z] >>> [apiv2][query] POST https://firebase.googleapis.com/v1/projects:checkProjectId [none]
[debug] [2025-07-11T16:26:15.943Z] >>> [apiv2][body] POST https://firebase.googleapis.com/v1/projects:checkProjectId {"proposedId":"yigitt--"}
[debug] [2025-07-11T16:26:16.612Z] <<< [apiv2][status] POST https://firebase.googleapis.com/v1/projects:checkProjectId 200
[debug] [2025-07-11T16:26:16.612Z] <<< [apiv2][body] POST https://firebase.googleapis.com/v1/projects:checkProjectId {"projectIdStatus":"PROJECT_ID_NOT_VALID","suggestedProjectId":"yigitt-f3f69"}
[debug] [2025-07-11T16:26:29.989Z] Checked if tokens are valid: true, expires at: 1752253170931
[debug] [2025-07-11T16:26:29.990Z] Checked if tokens are valid: true, expires at: 1752253170931
[debug] [2025-07-11T16:26:29.990Z] >>> [apiv2][query] POST https://firebase.googleapis.com/v1/projects:checkProjectId [none]
[debug] [2025-07-11T16:26:29.990Z] >>> [apiv2][body] POST https://firebase.googleapis.com/v1/projects:checkProjectId {"proposedId":" yigitt-f3f69."}
[debug] [2025-07-11T16:26:30.209Z] <<< [apiv2][status] POST https://firebase.googleapis.com/v1/projects:checkProjectId 400
[debug] [2025-07-11T16:26:30.209Z] <<< [apiv2][body] POST https://firebase.googleapis.com/v1/projects:checkProjectId {"error":{"code":400,"message":"Request contains an invalid argument.","status":"INVALID_ARGUMENT"}}
[debug] [2025-07-11T16:26:30.210Z] Couldn't check if project ID  yigitt-f3f69. is available. Original error: FirebaseError: Failed to check if project ID is available. See firebase-debug.log for more info.
[debug] [2025-07-11T16:26:41.350Z] Checked if tokens are valid: true, expires at: 1752253170931
[debug] [2025-07-11T16:26:41.350Z] Checked if tokens are valid: true, expires at: 1752253170931
[debug] [2025-07-11T16:26:41.350Z] >>> [apiv2][query] POST https://cloudresourcemanager.googleapis.com/v1/projects [none]
[debug] [2025-07-11T16:26:41.350Z] >>> [apiv2][body] POST https://cloudresourcemanager.googleapis.com/v1/projects {"projectId":" yigitt-f3f69.","name":" yigitt-f3f69."}
[debug] [2025-07-11T16:26:42.404Z] <<< [apiv2][status] POST https://cloudresourcemanager.googleapis.com/v1/projects 400
[debug] [2025-07-11T16:26:42.404Z] <<< [apiv2][body] POST https://cloudresourcemanager.googleapis.com/v1/projects {"error":{"code":400,"message":"Request contains an invalid argument.","status":"INVALID_ARGUMENT","details":[{"@type":"type.googleapis.com/google.rpc.BadRequest","fieldViolations":[{"field":"project_id","description":"project_id contains invalid characters"},{"field":"display_name","description":"project display name contains invalid characters"}]},{"@type":"type.googleapis.com/google.rpc.Help","links":[{"url":"https://cloud.google.com/resource-manager/reference/rest/v1/projects"}]}]}}
[debug] [2025-07-11T16:26:42.613Z] FirebaseError: Request to https://cloudresourcemanager.googleapis.com/v1/projects had HTTP Error: 400, Request contains an invalid argument.
    at responseToError (C:\Users\Dell\AppData\Roaming\npm\node_modules\firebase-tools\lib\responseToError.js:52:12)
    at RetryOperation._fn (C:\Users\Dell\AppData\Roaming\npm\node_modules\firebase-tools\lib\apiv2.js:312:77)
    at process.processTicksAndRejections (node:internal/process/task_queues:105:5)
[error] 
[error] Error: Failed to create project. See firebase-debug.log for more info.
